{
  "summary": {
    "outcome": "Failed",
    "testsRan": 1,
    "passing": 0,
    "failing": 1,
    "skipped": 0,
    "passRate": "0%",
    "failRate": "100%",
    "skipRate": "0%",
    "testStartTime": "Mon Sep 11 2023 1:52:26 PM",
    "testExecutionTimeInMs": 751,
    "testTotalTimeInMs": 751,
    "commandTimeInMs": 118,
    "hostname": "https://wise-badger-twbz5s-dev-ed.trailblaze.my.salesforce.com",
    "orgId": "00D7R000004wxg7UAA",
    "username": "zahourasmaa@wise-badger-twbz5s.com",
    "testRunId": "7077R0000EQ0Y6m",
    "userId": "0057R00000DhD3YQAV",
    "totalLines": 0,
    "coveredLines": 0,
    "testRunCoverage": "0%",
    "orgWideCoverage": "0%"
  },
  "tests": [
    {
      "id": "07M7R000008tXBEUA2",
      "queueItemId": "7097R000001ARyrQAG",
      "stackTrace": "Class.testUpdateAccountCA.test: line 20, column 1",
      "message": "System.DmlException: Insert failed. First exception on row 0; first error: REQUIRED_FIELD_MISSING, Required fields are missing: [EffectiveDate, Status]: [EffectiveDate, Status]",
      "asyncApexJobId": "7077R0000EQ0Y6mQQF",
      "methodName": "test",
      "outcome": "Fail",
      "apexLogId": "07L7R00004swm5KUAQ",
      "apexClass": {
        "id": "01p7R00000CFbibQAD",
        "name": "testUpdateAccountCA",
        "namespacePrefix": null,
        "fullName": "testUpdateAccountCA"
      },
      "runTime": 751,
      "testTimestamp": "2023-09-11T11:52:26.000+0000",
      "fullName": "testUpdateAccountCA.test",
      "diagnostic": {
        "exceptionMessage": "System.DmlException: Insert failed. First exception on row 0; first error: REQUIRED_FIELD_MISSING, Required fields are missing: [EffectiveDate, Status]: [EffectiveDate, Status]",
        "exceptionStackTrace": "Class.testUpdateAccountCA.test: line 20, column 1",
        "className": "testUpdateAccountCA",
        "compileProblem": "",
        "lineNumber": 20,
        "columnNumber": 1
      }
    }
  ],
  "codecoverage": []
}